<?xml version="1.0" encoding="UTF-8"?>
<!-- Generated by org.testng.reporters.JUnitReportReporter -->
<testsuite skipped="0" hostname="DINA" name="Test.test" tests="2" failures="0" timestamp="23 Feb 2018 19:11:34 GMT" time="0.020" errors="0">
  <testcase name="dummy_test_to_pass" time="0.003" classname="Test.test"/>
  <testcase name="dummy_test_to_fail" time="0.017" classname="Test.test"/>
</testsuite> <!-- Test.test -->
